TN:
SF:src\models\appointments\services\CreateAppointmentService.ts
FN:13,(anonymous_18)
FN:14,CreateAppointmentService
FN:20,(anonymous_20)
FNF:3
FNH:3
FNDA:1,(anonymous_18)
FNDA:2,CreateAppointmentService
FNDA:3,(anonymous_20)
DA:1,1
DA:4,1
DA:5,1
DA:13,1
DA:16,2
DA:17,2
DA:20,3
DA:22,3
DA:24,3
DA:28,3
DA:29,1
DA:32,2
DA:37,2
DA:39,1
DA:41,1
LF:15
LH:15
BRDA:28,0,0,1
BRDA:28,0,1,2
BRF:2
BRH:2
end_of_record
TN:
SF:src\models\users\services\AuthenticateUserService.ts
FN:20,(anonymous_18)
FN:22,AuthenticateUserService
FN:29,(anonymous_20)
FNF:3
FNH:3
FNDA:1,(anonymous_18)
FNDA:3,AuthenticateUserService
FNDA:3,(anonymous_20)
DA:2,1
DA:3,1
DA:4,1
DA:5,1
DA:20,1
DA:24,3
DA:26,3
DA:29,3
DA:30,3
DA:32,3
DA:33,1
DA:36,2
DA:38,2
DA:39,1
DA:42,1
DA:44,1
DA:49,1
DA:51,1
DA:53,1
LF:19
LH:19
BRDA:30,0,0,3
BRDA:32,1,0,1
BRDA:32,1,1,2
BRDA:38,2,0,1
BRDA:38,2,1,1
BRF:5
BRH:5
end_of_record
TN:
SF:src\models\users\services\CreateUserService.ts
FN:14,(anonymous_18)
FN:15,CreateUserService
FN:23,(anonymous_20)
FNF:3
FNH:3
FNDA:2,(anonymous_18)
FNDA:5,CreateUserService
FNDA:5,(anonymous_20)
DA:3,2
DA:5,2
DA:14,2
DA:17,5
DA:19,5
DA:23,5
DA:24,5
DA:26,5
DA:27,1
DA:30,4
DA:32,4
DA:38,4
DA:44,2
DA:46,2
LF:14
LH:14
BRDA:24,0,0,5
BRDA:26,1,0,1
BRDA:26,1,1,4
BRF:3
BRH:3
end_of_record
TN:
SF:src\models\users\services\ResetPasswordService.ts
FN:14,(anonymous_18)
FN:15,ResetPasswordService
FN:27,(anonymous_20)
FNF:3
FNH:3
FNDA:1,(anonymous_18)
FNDA:4,ResetPasswordService
FNDA:4,(anonymous_20)
DA:4,1
DA:5,1
DA:6,1
DA:14,1
DA:17,4
DA:20,4
DA:23,4
DA:27,4
DA:28,4
DA:30,4
DA:31,1
DA:34,3
DA:36,3
DA:37,1
DA:40,2
DA:42,2
DA:43,1
DA:46,1
DA:47,2
DA:49,1
DA:51,1
LF:21
LH:21
BRDA:28,0,0,4
BRDA:30,1,0,1
BRDA:30,1,1,3
BRDA:36,2,0,1
BRDA:36,2,1,2
BRDA:42,3,0,1
BRDA:42,3,1,1
BRF:7
BRH:7
end_of_record
TN:
SF:src\models\users\services\SendForgotPasswordEmailService.ts
FN:13,(anonymous_18)
FN:14,SendForgotPasswordEmailService
FN:25,(anonymous_20)
FNF:3
FNH:3
FNDA:1,(anonymous_18)
FNDA:3,SendForgotPasswordEmailService
FNDA:3,(anonymous_20)
DA:4,1
DA:5,1
DA:6,1
DA:13,1
DA:16,3
DA:19,3
DA:22,3
DA:25,3
DA:26,3
DA:27,3
DA:28,1
DA:31,2
DA:33,2
DA:40,4
DA:55,1
DA:57,1
LF:16
LH:16
BRDA:26,0,0,3
BRDA:27,1,0,1
BRDA:27,1,1,2
BRF:3
BRH:3
end_of_record
TN:
SF:src\models\users\services\ShowProfileService.ts
FN:11,(anonymous_18)
FN:12,ShowProfileService
FN:17,(anonymous_20)
FNF:3
FNH:3
FNDA:1,(anonymous_18)
FNDA:1,ShowProfileService
FNDA:1,(anonymous_20)
DA:1,1
DA:3,1
DA:11,1
DA:14,1
DA:17,1
DA:18,1
DA:21,1
DA:23,1
DA:24,0
DA:27,1
DA:29,1
DA:31,1
DA:33,1
LF:13
LH:12
BRDA:21,0,0,1
BRDA:23,1,0,0
BRDA:23,1,1,1
BRF:3
BRH:2
end_of_record
TN:
SF:src\models\users\services\UpdateProfileService.ts
FN:18,(anonymous_18)
FN:19,UpdateProfileService
FN:26,(anonymous_20)
FN:62,(anonymous_23)
FNF:4
FNH:4
FNDA:1,(anonymous_18)
FNDA:4,UpdateProfileService
FNDA:4,(anonymous_20)
FNDA:2,(anonymous_23)
DA:1,1
DA:3,1
DA:6,1
DA:18,1
DA:21,4
DA:23,4
DA:26,1
DA:27,4
DA:28,4
DA:29,4
DA:30,4
DA:31,4
DA:34,4
DA:36,4
DA:38,4
DA:39,1
DA:42,3
DA:44,3
DA:45,0
DA:48,3
DA:49,3
DA:51,4
DA:52,2
DA:54,1
DA:55,1
DA:59,2
DA:62,1
DA:63,2
DA:64,1
DA:67,1
DA:68,1
DA:70,1
DA:71,0
DA:75,1
DA:77,1
DA:79,1
LF:36
LH:34
BRDA:59,0,0,2
BRDA:59,0,1,2
BRDA:38,1,0,1
BRDA:38,1,1,3
BRDA:38,2,0,4
BRDA:38,2,1,2
BRDA:44,3,0,0
BRDA:44,3,1,3
BRDA:51,4,0,1
BRDA:51,4,1,2
BRDA:54,5,0,0
BRDA:54,5,1,1
BRDA:75,6,0,1
BRDA:63,7,0,1
BRDA:63,7,1,1
BRDA:63,8,0,2
BRDA:63,8,1,2
BRDA:67,9,0,0
BRDA:67,9,1,1
BRDA:67,10,0,1
BRDA:67,10,1,1
BRDA:70,11,0,0
BRDA:70,11,1,1
BRF:23
BRH:19
end_of_record
TN:
SF:src\models\users\services\UpdateUserAvatarService.ts
FN:13,(anonymous_18)
FN:14,UpdateUserAvatarService
FN:22,(anonymous_20)
FNF:3
FNH:3
FNDA:1,(anonymous_18)
FNDA:3,UpdateUserAvatarService
FNDA:4,(anonymous_20)
DA:2,1
DA:4,1
DA:13,1
DA:16,3
DA:19,3
DA:22,4
DA:23,4
DA:25,4
DA:26,1
DA:29,5
DA:30,2
DA:33,3
DA:35,3
DA:37,1
DA:39,1
LF:15
LH:15
BRDA:23,0,0,4
BRDA:23,0,1,3
BRDA:25,1,0,1
BRDA:25,1,1,3
BRDA:29,2,0,2
BRDA:29,2,1,1
BRF:6
BRH:6
end_of_record
